Using pre-set license
Built from '2020.3/staging' branch; Version is '2020.3.21f1 (a38c86f6690f) revision 10718342'; Using compiler version '192528614'; Build Type 'Release'
OS: 'Windows 10 Pro; OS build 19042.1415; Version 2009; 64bit' Language: 'es' Physical Memory: 12107 MB
BatchMode: 1, IsHumanControllingUs: 0, StartBugReporterOnCrash: 0, Is64bit: 1, IsPro: 0

COMMAND LINE ARGUMENTS:
F:\programerStuff\unity\2020.3.21f1\Editor\Unity.exe
-adb2
-batchMode
-noUpm
-name
AssetImportWorker0
-projectPath
F:/Escritorio/aprendo/unity/proyecto final/top down
-logFile
Logs/AssetImportWorker0.log
-srvPort
57111
Successfully changed project path to: F:/Escritorio/aprendo/unity/proyecto final/top down
F:/Escritorio/aprendo/unity/proyecto final/top down
Using Asset Import Pipeline V2.
Refreshing native plugins compatible for Editor in 76.67 ms, found 2 plugins.
Preloading 0 native plugins for Editor in 0.00 ms.
Initialize engine version: 2020.3.21f1 (a38c86f6690f)
[Subsystems] Discovering subsystems at path F:/programerStuff/unity/2020.3.21f1/Editor/Data/Resources/UnitySubsystems
[Subsystems] Discovering subsystems at path F:/Escritorio/aprendo/unity/proyecto final/top down/Assets
GfxDevice: creating device client; threaded=0
Direct3D:
    Version:  Direct3D 11.0 [level 11.0]
    Renderer: Intel(R) HD Graphics 4000 (ID=0x166)
    Vendor:   
    VRAM:     128 MB
    Driver:   10.18.10.4252
Initialize mono
Mono path[0] = 'F:/programerStuff/unity/2020.3.21f1/Editor/Data/Managed'
Mono path[1] = 'F:/programerStuff/unity/2020.3.21f1/Editor/Data/MonoBleedingEdge/lib/mono/unityjit'
Mono config path = 'F:/programerStuff/unity/2020.3.21f1/Editor/Data/MonoBleedingEdge/etc'
Using monoOptions --debugger-agent=transport=dt_socket,embedding=1,server=y,suspend=n,address=127.0.0.1:56524
Begin MonoManager ReloadAssembly
Registering precompiled unity dll's ...
Register platform support module: F:/programerStuff/unity/2020.3.21f1/Editor/Data/PlaybackEngines/WebGLSupport/UnityEditor.WebGL.Extensions.dll
Register platform support module: F:/programerStuff/unity/2020.3.21f1/Editor/Data/PlaybackEngines/WindowsStandaloneSupport/UnityEditor.WindowsStandalone.Extensions.dll
Registered in 0.003921 seconds.
Native extension for WindowsStandalone target not found
Native extension for WebGL target not found
Refreshing native plugins compatible for Editor in 48.68 ms, found 2 plugins.
Preloading 0 native plugins for Editor in 0.00 ms.
Mono: successfully reloaded assembly
- Completed reload, in  2.981 seconds
Domain Reload Profiling:
	ReloadAssembly (2981ms)
		BeginReloadAssembly (137ms)
			ExecutionOrderSort (0ms)
			DisableScriptedObjects (0ms)
			BackupInstance (0ms)
			ReleaseScriptingObjects (0ms)
			CreateAndSetChildDomain (1ms)
		EndReloadAssembly (737ms)
			LoadAssemblies (136ms)
			RebuildTransferFunctionScriptingTraits (0ms)
			SetupTypeCache (253ms)
			ReleaseScriptCaches (0ms)
			RebuildScriptCaches (56ms)
			SetupLoadedEditorAssemblies (264ms)
				LogAssemblyErrors (0ms)
				InitializePlatformSupportModulesInManaged (8ms)
				SetLoadedEditorAssemblies (1ms)
				RefreshPlugins (49ms)
				BeforeProcessingInitializeOnLoad (27ms)
				ProcessInitializeOnLoadAttributes (133ms)
				ProcessInitializeOnLoadMethodAttributes (47ms)
				AfterProcessingInitializeOnLoad (0ms)
				EditorAssembliesLoaded (0ms)
			ExecutionOrderSort2 (0ms)
			AwakeInstancesAfterBackupRestoration (0ms)
Platform modules already initialized, skipping
Registering precompiled user dll's ...
Registered in 0.009565 seconds.
Begin MonoManager ReloadAssembly
Native extension for WindowsStandalone target not found
Native extension for WebGL target not found
Refreshing native plugins compatible for Editor in 0.73 ms, found 2 plugins.
Preloading 0 native plugins for Editor in 0.00 ms.
Mono: successfully reloaded assembly
- Completed reload, in  1.942 seconds
Domain Reload Profiling:
	ReloadAssembly (1944ms)
		BeginReloadAssembly (309ms)
			ExecutionOrderSort (0ms)
			DisableScriptedObjects (8ms)
			BackupInstance (0ms)
			ReleaseScriptingObjects (0ms)
			CreateAndSetChildDomain (29ms)
		EndReloadAssembly (1540ms)
			LoadAssemblies (210ms)
			RebuildTransferFunctionScriptingTraits (0ms)
			SetupTypeCache (476ms)
			ReleaseScriptCaches (1ms)
			RebuildScriptCaches (68ms)
			SetupLoadedEditorAssemblies (668ms)
				LogAssemblyErrors (0ms)
				InitializePlatformSupportModulesInManaged (14ms)
				SetLoadedEditorAssemblies (1ms)
				RefreshPlugins (1ms)
				BeforeProcessingInitializeOnLoad (135ms)
				ProcessInitializeOnLoadAttributes (492ms)
				ProcessInitializeOnLoadMethodAttributes (17ms)
				AfterProcessingInitializeOnLoad (8ms)
				EditorAssembliesLoaded (0ms)
			ExecutionOrderSort2 (0ms)
			AwakeInstancesAfterBackupRestoration (13ms)
Platform modules already initialized, skipping
========================================================================
Worker process is ready to serve import requests
Launched and connected shader compiler UnityShaderCompiler.exe after 0.20 seconds
Refreshing native plugins compatible for Editor in 0.77 ms, found 2 plugins.
Preloading 0 native plugins for Editor in 0.00 ms.
Unloading 1493 Unused Serialized files (Serialized files now loaded: 0)
System memory in use before: 67.4 MB.
System memory in use after: 67.5 MB.

Unloading 19 unused Assets to reduce memory usage. Loaded Objects now: 1926.
Total: 7.567200 ms (FindLiveObjects: 0.332100 ms CreateObjectMapping: 0.097700 ms MarkObjects: 6.882000 ms  DeleteObjects: 0.252100 ms)

AssetImportParameters requested are different than current active one (requested -> active):
  custom:framework-win-MediaFoundation: 216162199b28c13a410421893ffa2e32 -> 
  custom:video-decoder-ogg-theora: a1e56fd34408186e4bbccfd4996cb3dc -> 
  custom:container-muxer-webm: aa71ff27fc2769a1b78a27578f13a17b -> 
  custom:container-demuxer-webm: 4f35f7cbe854078d1ac9338744f61a02 -> 
  custom:container-demuxer-ogg: 62fdf1f143b41e24485cea50d1cbac27 -> 
  custom:video-encoder-webm-vp8: eb34c28f22e8b96e1ab97ce403110664 -> 
  custom:video-decoder-webm-vp8: 9c59270c3fd7afecdb556c50c9e8de78 -> 
  custom:audio-decoder-ogg-vorbis: bf7c407c2cedff20999df2af8eb42d56 -> 
  custom:audio-encoder-webm-vorbis: bf7c407c2cedff20999df2af8eb42d56 -> 
========================================================================
Received Import Request.
  path: Assets/presets/player.prefab
  artifactKey: Guid(66060f691ea745345b3ac85882c28dba) Importer(815301076,1909f56bfc062723c751e8b465ee728b)
Start importing Assets/presets/player.prefab using Guid(66060f691ea745345b3ac85882c28dba) Importer(815301076,1909f56bfc062723c751e8b465ee728b)  -> (artifact id: '543135f2234f984d63a59e34660d8d5c') in 0.415815 seconds 
  Import took 0.420162 seconds .

========================================================================
Received Import Request.
  Time since last request: 3.953768 seconds.
  path: Assets/textures
  artifactKey: Guid(23f71f678e49b4e4d948eba2b66710c3) Importer(815301076,1909f56bfc062723c751e8b465ee728b)
Start importing Assets/textures using Guid(23f71f678e49b4e4d948eba2b66710c3) Importer(815301076,1909f56bfc062723c751e8b465ee728b)  -> (artifact id: 'ecc6a8eec223d3257ec0fb64a30f7a19') in 0.027279 seconds 
  Import took 0.033573 seconds .

========================================================================
Received Import Request.
  Time since last request: 18.658808 seconds.
  path: Assets/textures/E-DVY5HVcAcE2cI.jpg
  artifactKey: Guid(d6cd259df23f9844e82575db9efbae6e) Importer(815301076,1909f56bfc062723c751e8b465ee728b)
Start importing Assets/textures/E-DVY5HVcAcE2cI.jpg using Guid(d6cd259df23f9844e82575db9efbae6e) Importer(815301076,1909f56bfc062723c751e8b465ee728b)  -> (artifact id: 'd389703823a5eca2c6b7fafd4650fefa') in 0.276104 seconds 
  Import took 0.281215 seconds .

========================================================================
Received Import Request.
  Time since last request: 57.823212 seconds.
  path: Assets/materiales/paleta/crimson.mat
  artifactKey: Guid(9761c0e13b317fb44b940b3b0df40271) Importer(815301076,1909f56bfc062723c751e8b465ee728b)
Start importing Assets/materiales/paleta/crimson.mat using Guid(9761c0e13b317fb44b940b3b0df40271) Importer(815301076,1909f56bfc062723c751e8b465ee728b)  -> (artifact id: '1604e0dcf2cbb8f88e73fad76df9e544') in 0.127957 seconds 
  Import took 0.191767 seconds .

========================================================================
Received Import Request.
  Time since last request: 0.000555 seconds.
  path: Assets/materiales/paleta/dark green.mat
  artifactKey: Guid(9c0656e885d0a054d8edc0ee69e4778b) Importer(815301076,1909f56bfc062723c751e8b465ee728b)
Start importing Assets/materiales/paleta/dark green.mat using Guid(9c0656e885d0a054d8edc0ee69e4778b) Importer(815301076,1909f56bfc062723c751e8b465ee728b)  -> (artifact id: '7b6d24268935bdf97e094225e84669b5') in 0.068581 seconds 
  Import took 0.075201 seconds .

